This file contains any messages produced by compilers while
running configure, to aid debugging if configure makes a mistake.

It was created by calc_prime configure 0.01, which was
generated by GNU Autoconf 2.69.  Invocation command line was

  $ ./configure 

## --------- ##
## Platform. ##
## --------- ##

hostname = mx-amdfx8
uname -m = x86_64
uname -r = 4.19.0-1-amd64
uname -s = Linux
uname -v = #1 SMP Debian 4.19.5-2~mx17+1 (2018-12-12)

/usr/bin/uname -p = unknown
/bin/uname -X     = unknown

/bin/arch              = unknown
/usr/bin/arch -k       = unknown
/usr/convex/getsysinfo = unknown
/usr/bin/hostinfo      = unknown
/bin/machine           = unknown
/usr/bin/oslevel       = unknown
/bin/universe          = unknown

PATH: /home/robert/bin
PATH: /usr/local/bin
PATH: /usr/bin
PATH: /bin
PATH: /usr/local/games
PATH: /usr/games
PATH: /sbin
PATH: /usr/sbin


## ----------- ##
## Core tests. ##
## ----------- ##

configure:2344: checking for g++
configure:2360: found /usr/bin/g++
configure:2371: result: g++
configure:2398: checking for C++ compiler version
configure:2407: g++ --version >&5
g++ (Debian 6.3.0-18+deb9u1) 6.3.0 20170516
Copyright (C) 2016 Free Software Foundation, Inc.
This is free software; see the source for copying conditions.  There is NO
warranty; not even for MERCHANTABILITY or FITNESS FOR A PARTICULAR PURPOSE.

configure:2418: $? = 0
configure:2407: g++ -v >&5
Using built-in specs.
COLLECT_GCC=g++
COLLECT_LTO_WRAPPER=/usr/lib/gcc/x86_64-linux-gnu/6/lto-wrapper
Target: x86_64-linux-gnu
Configured with: ../src/configure -v --with-pkgversion='Debian 6.3.0-18+deb9u1' --with-bugurl=file:///usr/share/doc/gcc-6/README.Bugs --enable-languages=c,ada,c++,java,go,d,fortran,objc,obj-c++ --prefix=/usr --program-suffix=-6 --program-prefix=x86_64-linux-gnu- --enable-shared --enable-linker-build-id --libexecdir=/usr/lib --without-included-gettext --enable-threads=posix --libdir=/usr/lib --enable-nls --with-sysroot=/ --enable-clocale=gnu --enable-libstdcxx-debug --enable-libstdcxx-time=yes --with-default-libstdcxx-abi=new --enable-gnu-unique-object --disable-vtable-verify --enable-libmpx --enable-plugin --enable-default-pie --with-system-zlib --disable-browser-plugin --enable-java-awt=gtk --enable-gtk-cairo --with-java-home=/usr/lib/jvm/java-1.5.0-gcj-6-amd64/jre --enable-java-home --with-jvm-root-dir=/usr/lib/jvm/java-1.5.0-gcj-6-amd64 --with-jvm-jar-dir=/usr/lib/jvm-exports/java-1.5.0-gcj-6-amd64 --with-arch-directory=amd64 --with-ecj-jar=/usr/share/java/eclipse-ecj.jar --with-target-system-zlib --enable-objc-gc=auto --enable-multiarch --with-arch-32=i686 --with-abi=m64 --with-multilib-list=m32,m64,mx32 --enable-multilib --with-tune=generic --enable-checking=release --build=x86_64-linux-gnu --host=x86_64-linux-gnu --target=x86_64-linux-gnu
Thread model: posix
gcc version 6.3.0 20170516 (Debian 6.3.0-18+deb9u1) 
configure:2418: $? = 0
configure:2407: g++ -V >&5
g++: error: unrecognized command line option '-V'
g++: fatal error: no input files
compilation terminated.
configure:2418: $? = 1
configure:2407: g++ -qversion >&5
g++: error: unrecognized command line option '-qversion'; did you mean '--version'?
g++: fatal error: no input files
compilation terminated.
configure:2418: $? = 1
configure:2438: checking whether the C++ compiler works
configure:2460: g++    conftest.cpp  >&5
configure:2464: $? = 0
configure:2512: result: yes
configure:2515: checking for C++ compiler default output file name
configure:2517: result: a.out
configure:2523: checking for suffix of executables
configure:2530: g++ -o conftest    conftest.cpp  >&5
configure:2534: $? = 0
configure:2556: result: 
configure:2578: checking whether we are cross compiling
configure:2586: g++ -o conftest    conftest.cpp  >&5
configure:2590: $? = 0
configure:2597: ./conftest
configure:2601: $? = 0
configure:2616: result: no
configure:2621: checking for suffix of object files
configure:2643: g++ -c   conftest.cpp >&5
configure:2647: $? = 0
configure:2668: result: o
configure:2672: checking whether we are using the GNU C++ compiler
configure:2691: g++ -c   conftest.cpp >&5
configure:2691: $? = 0
configure:2700: result: yes
configure:2709: checking whether g++ accepts -g
configure:2729: g++ -c -g  conftest.cpp >&5
configure:2729: $? = 0
configure:2770: result: yes
configure:2841: checking for gcc
configure:2857: found /usr/bin/gcc
configure:2868: result: gcc
configure:3097: checking for C compiler version
configure:3106: gcc --version >&5
gcc (Debian 6.3.0-18+deb9u1) 6.3.0 20170516
Copyright (C) 2016 Free Software Foundation, Inc.
This is free software; see the source for copying conditions.  There is NO
warranty; not even for MERCHANTABILITY or FITNESS FOR A PARTICULAR PURPOSE.

configure:3117: $? = 0
configure:3106: gcc -v >&5
Using built-in specs.
COLLECT_GCC=gcc
COLLECT_LTO_WRAPPER=/usr/lib/gcc/x86_64-linux-gnu/6/lto-wrapper
Target: x86_64-linux-gnu
Configured with: ../src/configure -v --with-pkgversion='Debian 6.3.0-18+deb9u1' --with-bugurl=file:///usr/share/doc/gcc-6/README.Bugs --enable-languages=c,ada,c++,java,go,d,fortran,objc,obj-c++ --prefix=/usr --program-suffix=-6 --program-prefix=x86_64-linux-gnu- --enable-shared --enable-linker-build-id --libexecdir=/usr/lib --without-included-gettext --enable-threads=posix --libdir=/usr/lib --enable-nls --with-sysroot=/ --enable-clocale=gnu --enable-libstdcxx-debug --enable-libstdcxx-time=yes --with-default-libstdcxx-abi=new --enable-gnu-unique-object --disable-vtable-verify --enable-libmpx --enable-plugin --enable-default-pie --with-system-zlib --disable-browser-plugin --enable-java-awt=gtk --enable-gtk-cairo --with-java-home=/usr/lib/jvm/java-1.5.0-gcj-6-amd64/jre --enable-java-home --with-jvm-root-dir=/usr/lib/jvm/java-1.5.0-gcj-6-amd64 --with-jvm-jar-dir=/usr/lib/jvm-exports/java-1.5.0-gcj-6-amd64 --with-arch-directory=amd64 --with-ecj-jar=/usr/share/java/eclipse-ecj.jar --with-target-system-zlib --enable-objc-gc=auto --enable-multiarch --with-arch-32=i686 --with-abi=m64 --with-multilib-list=m32,m64,mx32 --enable-multilib --with-tune=generic --enable-checking=release --build=x86_64-linux-gnu --host=x86_64-linux-gnu --target=x86_64-linux-gnu
Thread model: posix
gcc version 6.3.0 20170516 (Debian 6.3.0-18+deb9u1) 
configure:3117: $? = 0
configure:3106: gcc -V >&5
gcc: error: unrecognized command line option '-V'
gcc: fatal error: no input files
compilation terminated.
configure:3117: $? = 1
configure:3106: gcc -qversion >&5
gcc: error: unrecognized command line option '-qversion'; did you mean '--version'?
gcc: fatal error: no input files
compilation terminated.
configure:3117: $? = 1
configure:3121: checking whether we are using the GNU C compiler
configure:3140: gcc -c   conftest.c >&5
configure:3140: $? = 0
configure:3149: result: yes
configure:3158: checking whether gcc accepts -g
configure:3178: gcc -c -g  conftest.c >&5
configure:3178: $? = 0
configure:3219: result: yes
configure:3236: checking for gcc option to accept ISO C89
configure:3299: gcc  -c -g -O2  conftest.c >&5
configure:3299: $? = 0
configure:3312: result: none needed
configure:3340: checking whether gcc understands -c and -o together
configure:3362: gcc -c conftest.c -o conftest2.o
configure:3365: $? = 0
configure:3362: gcc -c conftest.c -o conftest2.o
configure:3365: $? = 0
configure:3377: result: yes
configure:3404: checking how to run the C preprocessor
configure:3435: gcc -E  conftest.c
configure:3435: $? = 0
configure:3449: gcc -E  conftest.c
conftest.c:9:28: fatal error: ac_nonexistent.h: No such file or directory
 #include <ac_nonexistent.h>
                            ^
compilation terminated.
configure:3449: $? = 1
configure: failed program was:
| /* confdefs.h */
| #define PACKAGE_NAME "calc_prime"
| #define PACKAGE_TARNAME "calc_prime"
| #define PACKAGE_VERSION "0.01"
| #define PACKAGE_STRING "calc_prime 0.01"
| #define PACKAGE_BUGREPORT ""
| #define PACKAGE_URL ""
| /* end confdefs.h.  */
| #include <ac_nonexistent.h>
configure:3474: result: gcc -E
configure:3494: gcc -E  conftest.c
configure:3494: $? = 0
configure:3508: gcc -E  conftest.c
conftest.c:9:28: fatal error: ac_nonexistent.h: No such file or directory
 #include <ac_nonexistent.h>
                            ^
compilation terminated.
configure:3508: $? = 1
configure: failed program was:
| /* confdefs.h */
| #define PACKAGE_NAME "calc_prime"
| #define PACKAGE_TARNAME "calc_prime"
| #define PACKAGE_VERSION "0.01"
| #define PACKAGE_STRING "calc_prime 0.01"
| #define PACKAGE_BUGREPORT ""
| #define PACKAGE_URL ""
| /* end confdefs.h.  */
| #include <ac_nonexistent.h>
configure:3537: checking for grep that handles long lines and -e
configure:3595: result: /bin/grep
configure:3600: checking for egrep
configure:3662: result: /bin/grep -E
configure:3667: checking for ANSI C header files
configure:3687: gcc -c -g -O2  conftest.c >&5
configure:3687: $? = 0
configure:3760: gcc -o conftest -g -O2   conftest.c  >&5
configure:3760: $? = 0
configure:3760: ./conftest
configure:3760: $? = 0
configure:3771: result: yes
configure:3784: checking for sys/types.h
configure:3784: gcc -c -g -O2  conftest.c >&5
configure:3784: $? = 0
configure:3784: result: yes
configure:3784: checking for sys/stat.h
configure:3784: gcc -c -g -O2  conftest.c >&5
configure:3784: $? = 0
configure:3784: result: yes
configure:3784: checking for stdlib.h
configure:3784: gcc -c -g -O2  conftest.c >&5
configure:3784: $? = 0
configure:3784: result: yes
configure:3784: checking for string.h
configure:3784: gcc -c -g -O2  conftest.c >&5
configure:3784: $? = 0
configure:3784: result: yes
configure:3784: checking for memory.h
configure:3784: gcc -c -g -O2  conftest.c >&5
configure:3784: $? = 0
configure:3784: result: yes
configure:3784: checking for strings.h
configure:3784: gcc -c -g -O2  conftest.c >&5
configure:3784: $? = 0
configure:3784: result: yes
configure:3784: checking for inttypes.h
configure:3784: gcc -c -g -O2  conftest.c >&5
configure:3784: $? = 0
configure:3784: result: yes
configure:3784: checking for stdint.h
configure:3784: gcc -c -g -O2  conftest.c >&5
configure:3784: $? = 0
configure:3784: result: yes
configure:3784: checking for unistd.h
configure:3784: gcc -c -g -O2  conftest.c >&5
configure:3784: $? = 0
configure:3784: result: yes
configure:3798: checking for strings.h
configure:3798: result: yes
configure:3810: checking for stdbool.h that conforms to C99
configure:3877: gcc -c -g -O2  conftest.c >&5
configure:3877: $? = 0
configure:3884: result: yes
configure:3886: checking for _Bool
configure:3886: gcc -c -g -O2  conftest.c >&5
configure:3886: $? = 0
configure:3886: gcc -c -g -O2  conftest.c >&5
conftest.c: In function 'main':
conftest.c:56:20: error: expected expression before ')' token
 if (sizeof ((_Bool)))
                    ^
configure:3886: $? = 1
configure: failed program was:
| /* confdefs.h */
| #define PACKAGE_NAME "calc_prime"
| #define PACKAGE_TARNAME "calc_prime"
| #define PACKAGE_VERSION "0.01"
| #define PACKAGE_STRING "calc_prime 0.01"
| #define PACKAGE_BUGREPORT ""
| #define PACKAGE_URL ""
| #define STDC_HEADERS 1
| #define HAVE_SYS_TYPES_H 1
| #define HAVE_SYS_STAT_H 1
| #define HAVE_STDLIB_H 1
| #define HAVE_STRING_H 1
| #define HAVE_MEMORY_H 1
| #define HAVE_STRINGS_H 1
| #define HAVE_INTTYPES_H 1
| #define HAVE_STDINT_H 1
| #define HAVE_UNISTD_H 1
| #define HAVE_STRINGS_H 1
| /* end confdefs.h.  */
| #include <stdio.h>
| #ifdef HAVE_SYS_TYPES_H
| # include <sys/types.h>
| #endif
| #ifdef HAVE_SYS_STAT_H
| # include <sys/stat.h>
| #endif
| #ifdef STDC_HEADERS
| # include <stdlib.h>
| # include <stddef.h>
| #else
| # ifdef HAVE_STDLIB_H
| #  include <stdlib.h>
| # endif
| #endif
| #ifdef HAVE_STRING_H
| # if !defined STDC_HEADERS && defined HAVE_MEMORY_H
| #  include <memory.h>
| # endif
| # include <string.h>
| #endif
| #ifdef HAVE_STRINGS_H
| # include <strings.h>
| #endif
| #ifdef HAVE_INTTYPES_H
| # include <inttypes.h>
| #endif
| #ifdef HAVE_STDINT_H
| # include <stdint.h>
| #endif
| #ifdef HAVE_UNISTD_H
| # include <unistd.h>
| #endif
| int
| main ()
| {
| if (sizeof ((_Bool)))
| 	    return 0;
|   ;
|   return 0;
| }
configure:3886: result: yes
configure:3902: checking for memset
configure:3902: gcc -o conftest -g -O2   conftest.c  >&5
conftest.c:44:6: warning: conflicting types for built-in function 'memset'
 char memset ();
      ^~~~~~
configure:3902: $? = 0
configure:3902: result: yes
configure:3902: checking for pow
configure:3902: gcc -o conftest -g -O2   conftest.c  >&5
conftest.c:45:6: warning: conflicting types for built-in function 'pow'
 char pow ();
      ^~~
/tmp/ccZAgWpo.o: In function `main':
/media/new4tbhd/defaultsync/CSCE689/AFIT-CSCE689-HW3-S/conftest.c:56: undefined reference to `pow'
collect2: error: ld returned 1 exit status
configure:3902: $? = 1
configure: failed program was:
| /* confdefs.h */
| #define PACKAGE_NAME "calc_prime"
| #define PACKAGE_TARNAME "calc_prime"
| #define PACKAGE_VERSION "0.01"
| #define PACKAGE_STRING "calc_prime 0.01"
| #define PACKAGE_BUGREPORT ""
| #define PACKAGE_URL ""
| #define STDC_HEADERS 1
| #define HAVE_SYS_TYPES_H 1
| #define HAVE_SYS_STAT_H 1
| #define HAVE_STDLIB_H 1
| #define HAVE_STRING_H 1
| #define HAVE_MEMORY_H 1
| #define HAVE_STRINGS_H 1
| #define HAVE_INTTYPES_H 1
| #define HAVE_STDINT_H 1
| #define HAVE_UNISTD_H 1
| #define HAVE_STRINGS_H 1
| #define HAVE__BOOL 1
| #define HAVE_MEMSET 1
| /* end confdefs.h.  */
| /* Define pow to an innocuous variant, in case <limits.h> declares pow.
|    For example, HP-UX 11i <limits.h> declares gettimeofday.  */
| #define pow innocuous_pow
| 
| /* System header to define __stub macros and hopefully few prototypes,
|     which can conflict with char pow (); below.
|     Prefer <limits.h> to <assert.h> if __STDC__ is defined, since
|     <limits.h> exists even on freestanding compilers.  */
| 
| #ifdef __STDC__
| # include <limits.h>
| #else
| # include <assert.h>
| #endif
| 
| #undef pow
| 
| /* Override any GCC internal prototype to avoid an error.
|    Use char because int might match the return type of a GCC
|    builtin and then its argument prototype would still apply.  */
| #ifdef __cplusplus
| extern "C"
| #endif
| char pow ();
| /* The GNU C library defines this for functions which it implements
|     to always fail with ENOSYS.  Some functions are actually named
|     something starting with __ and the normal name is an alias.  */
| #if defined __stub_pow || defined __stub___pow
| choke me
| #endif
| 
| int
| main ()
| {
| return pow ();
|   ;
|   return 0;
| }
configure:3902: result: no
configure:3902: checking for sqrt
configure:3902: gcc -o conftest -g -O2   conftest.c  >&5
conftest.c:45:6: warning: conflicting types for built-in function 'sqrt'
 char sqrt ();
      ^~~~
/tmp/ccsnG3Jw.o: In function `main':
/media/new4tbhd/defaultsync/CSCE689/AFIT-CSCE689-HW3-S/conftest.c:56: undefined reference to `sqrt'
collect2: error: ld returned 1 exit status
configure:3902: $? = 1
configure: failed program was:
| /* confdefs.h */
| #define PACKAGE_NAME "calc_prime"
| #define PACKAGE_TARNAME "calc_prime"
| #define PACKAGE_VERSION "0.01"
| #define PACKAGE_STRING "calc_prime 0.01"
| #define PACKAGE_BUGREPORT ""
| #define PACKAGE_URL ""
| #define STDC_HEADERS 1
| #define HAVE_SYS_TYPES_H 1
| #define HAVE_SYS_STAT_H 1
| #define HAVE_STDLIB_H 1
| #define HAVE_STRING_H 1
| #define HAVE_MEMORY_H 1
| #define HAVE_STRINGS_H 1
| #define HAVE_INTTYPES_H 1
| #define HAVE_STDINT_H 1
| #define HAVE_UNISTD_H 1
| #define HAVE_STRINGS_H 1
| #define HAVE__BOOL 1
| #define HAVE_MEMSET 1
| /* end confdefs.h.  */
| /* Define sqrt to an innocuous variant, in case <limits.h> declares sqrt.
|    For example, HP-UX 11i <limits.h> declares gettimeofday.  */
| #define sqrt innocuous_sqrt
| 
| /* System header to define __stub macros and hopefully few prototypes,
|     which can conflict with char sqrt (); below.
|     Prefer <limits.h> to <assert.h> if __STDC__ is defined, since
|     <limits.h> exists even on freestanding compilers.  */
| 
| #ifdef __STDC__
| # include <limits.h>
| #else
| # include <assert.h>
| #endif
| 
| #undef sqrt
| 
| /* Override any GCC internal prototype to avoid an error.
|    Use char because int might match the return type of a GCC
|    builtin and then its argument prototype would still apply.  */
| #ifdef __cplusplus
| extern "C"
| #endif
| char sqrt ();
| /* The GNU C library defines this for functions which it implements
|     to always fail with ENOSYS.  Some functions are actually named
|     something starting with __ and the normal name is an alias.  */
| #if defined __stub_sqrt || defined __stub___sqrt
| choke me
| #endif
| 
| int
| main ()
| {
| return sqrt ();
|   ;
|   return 0;
| }
configure:3902: result: no
configure:3928: checking for a BSD-compatible install
configure:3996: result: /usr/bin/install -c
configure:4007: checking whether build environment is sane
configure:4062: result: yes
configure:4210: checking for a thread-safe mkdir -p
configure:4249: result: /bin/mkdir -p
configure:4256: checking for gawk
configure:4272: found /usr/bin/gawk
configure:4283: result: gawk
configure:4294: checking whether make sets $(MAKE)
configure:4316: result: yes
configure:4346: checking for style of include used by make
configure:4374: result: GNU
configure:4408: checking whether make supports nested variables
configure:4425: result: yes
configure:4510: checking dependency style of gcc
configure:4621: result: gcc3
configure:4638: checking dependency style of g++
configure:4749: result: gcc3
configure:4920: checking that generated files are newer than configure
configure:4926: result: done
configure:4953: creating ./config.status

## ---------------------- ##
## Running config.status. ##
## ---------------------- ##

This file was extended by calc_prime config.status 0.01, which was
generated by GNU Autoconf 2.69.  Invocation command line was

  CONFIG_FILES    = 
  CONFIG_HEADERS  = 
  CONFIG_LINKS    = 
  CONFIG_COMMANDS = 
  $ ./config.status 

on mx-amdfx8

config.status:863: creating Makefile
config.status:863: creating src/Makefile
config.status:863: creating include/config.h
config.status:1044: include/config.h is unchanged
config.status:1092: executing depfiles commands

## ---------------- ##
## Cache variables. ##
## ---------------- ##

ac_cv_c_compiler_gnu=yes
ac_cv_cxx_compiler_gnu=yes
ac_cv_env_CCC_set=
ac_cv_env_CCC_value=
ac_cv_env_CC_set=
ac_cv_env_CC_value=
ac_cv_env_CFLAGS_set=
ac_cv_env_CFLAGS_value=
ac_cv_env_CPPFLAGS_set=
ac_cv_env_CPPFLAGS_value=
ac_cv_env_CPP_set=
ac_cv_env_CPP_value=
ac_cv_env_CXXFLAGS_set=
ac_cv_env_CXXFLAGS_value=
ac_cv_env_CXX_set=
ac_cv_env_CXX_value=
ac_cv_env_LDFLAGS_set=
ac_cv_env_LDFLAGS_value=
ac_cv_env_LIBS_set=
ac_cv_env_LIBS_value=
ac_cv_env_build_alias_set=
ac_cv_env_build_alias_value=
ac_cv_env_host_alias_set=
ac_cv_env_host_alias_value=
ac_cv_env_target_alias_set=
ac_cv_env_target_alias_value=
ac_cv_func_memset=yes
ac_cv_func_pow=no
ac_cv_func_sqrt=no
ac_cv_header_inttypes_h=yes
ac_cv_header_memory_h=yes
ac_cv_header_stdbool_h=yes
ac_cv_header_stdc=yes
ac_cv_header_stdint_h=yes
ac_cv_header_stdlib_h=yes
ac_cv_header_string_h=yes
ac_cv_header_strings_h=yes
ac_cv_header_sys_stat_h=yes
ac_cv_header_sys_types_h=yes
ac_cv_header_unistd_h=yes
ac_cv_objext=o
ac_cv_path_EGREP='/bin/grep -E'
ac_cv_path_GREP=/bin/grep
ac_cv_path_install='/usr/bin/install -c'
ac_cv_path_mkdir=/bin/mkdir
ac_cv_prog_AWK=gawk
ac_cv_prog_CPP='gcc -E'
ac_cv_prog_ac_ct_CC=gcc
ac_cv_prog_ac_ct_CXX=g++
ac_cv_prog_cc_c89=
ac_cv_prog_cc_g=yes
ac_cv_prog_cxx_g=yes
ac_cv_prog_make_make_set=yes
ac_cv_type__Bool=yes
am_cv_CC_dependencies_compiler_type=gcc3
am_cv_CXX_dependencies_compiler_type=gcc3
am_cv_make_support_nested_variables=yes
am_cv_prog_cc_c_o=yes

## ----------------- ##
## Output variables. ##
## ----------------- ##

ACLOCAL='${SHELL} /media/new4tbhd/defaultsync/CSCE689/AFIT-CSCE689-HW3-S/build-aux/missing aclocal-1.15'
AMDEPBACKSLASH='\'
AMDEP_FALSE='#'
AMDEP_TRUE=''
AMTAR='$${TAR-tar}'
AM_BACKSLASH='\'
AM_DEFAULT_V='$(AM_DEFAULT_VERBOSITY)'
AM_DEFAULT_VERBOSITY='1'
AM_V='$(V)'
AUTOCONF='${SHELL} /media/new4tbhd/defaultsync/CSCE689/AFIT-CSCE689-HW3-S/build-aux/missing autoconf'
AUTOHEADER='${SHELL} /media/new4tbhd/defaultsync/CSCE689/AFIT-CSCE689-HW3-S/build-aux/missing autoheader'
AUTOMAKE='${SHELL} /media/new4tbhd/defaultsync/CSCE689/AFIT-CSCE689-HW3-S/build-aux/missing automake-1.15'
AWK='gawk'
CC='gcc'
CCDEPMODE='depmode=gcc3'
CFLAGS='-g -O2'
CPP='gcc -E'
CPPFLAGS=''
CXX='g++'
CXXDEPMODE='depmode=gcc3'
CXXFLAGS='-g -O2'
CYGPATH_W='echo'
DEFS='-DHAVE_CONFIG_H'
DEPDIR='.deps'
ECHO_C=''
ECHO_N='-n'
ECHO_T=''
EGREP='/bin/grep -E'
EXEEXT=''
GREP='/bin/grep'
INSTALL_DATA='${INSTALL} -m 644'
INSTALL_PROGRAM='${INSTALL}'
INSTALL_SCRIPT='${INSTALL}'
INSTALL_STRIP_PROGRAM='$(install_sh) -c -s'
LDFLAGS=''
LIBOBJS=''
LIBS=''
LTLIBOBJS=''
MAKEINFO='${SHELL} /media/new4tbhd/defaultsync/CSCE689/AFIT-CSCE689-HW3-S/build-aux/missing makeinfo'
MKDIR_P='/bin/mkdir -p'
OBJEXT='o'
PACKAGE='calc_prime'
PACKAGE_BUGREPORT=''
PACKAGE_NAME='calc_prime'
PACKAGE_STRING='calc_prime 0.01'
PACKAGE_TARNAME='calc_prime'
PACKAGE_URL=''
PACKAGE_VERSION='0.01'
PATH_SEPARATOR=':'
SET_MAKE=''
SHELL='/bin/bash'
STRIP=''
VERSION='0.01'
ac_ct_CC='gcc'
ac_ct_CXX='g++'
am__EXEEXT_FALSE=''
am__EXEEXT_TRUE='#'
am__fastdepCC_FALSE='#'
am__fastdepCC_TRUE=''
am__fastdepCXX_FALSE='#'
am__fastdepCXX_TRUE=''
am__include='include'
am__isrc=''
am__leading_dot='.'
am__nodep='_no'
am__quote=''
am__tar='$${TAR-tar} chof - "$$tardir"'
am__untar='$${TAR-tar} xf -'
bindir='${exec_prefix}/bin'
build_alias=''
datadir='${datarootdir}'
datarootdir='${prefix}/share'
docdir='${datarootdir}/doc/${PACKAGE_TARNAME}'
dvidir='${docdir}'
exec_prefix='${prefix}'
host_alias=''
htmldir='${docdir}'
includedir='${prefix}/include'
infodir='${datarootdir}/info'
install_sh='${SHELL} /media/new4tbhd/defaultsync/CSCE689/AFIT-CSCE689-HW3-S/build-aux/install-sh'
libdir='${exec_prefix}/lib'
libexecdir='${exec_prefix}/libexec'
localedir='${datarootdir}/locale'
localstatedir='${prefix}/var'
mandir='${datarootdir}/man'
mkdir_p='$(MKDIR_P)'
oldincludedir='/usr/include'
pdfdir='${docdir}'
prefix='/usr/local'
program_transform_name='s,x,x,'
psdir='${docdir}'
runstatedir='${localstatedir}/run'
sbindir='${exec_prefix}/sbin'
sharedstatedir='${prefix}/com'
sysconfdir='${prefix}/etc'
target_alias=''

## ----------- ##
## confdefs.h. ##
## ----------- ##

/* confdefs.h */
#define PACKAGE_NAME "calc_prime"
#define PACKAGE_TARNAME "calc_prime"
#define PACKAGE_VERSION "0.01"
#define PACKAGE_STRING "calc_prime 0.01"
#define PACKAGE_BUGREPORT ""
#define PACKAGE_URL ""
#define STDC_HEADERS 1
#define HAVE_SYS_TYPES_H 1
#define HAVE_SYS_STAT_H 1
#define HAVE_STDLIB_H 1
#define HAVE_STRING_H 1
#define HAVE_MEMORY_H 1
#define HAVE_STRINGS_H 1
#define HAVE_INTTYPES_H 1
#define HAVE_STDINT_H 1
#define HAVE_UNISTD_H 1
#define HAVE_STRINGS_H 1
#define HAVE__BOOL 1
#define HAVE_MEMSET 1
#define PACKAGE "calc_prime"
#define VERSION "0.01"

configure: exit 0
